<?xml version="1.0" encoding="UTF-8"?>
<!-- Generated by org.testng.reporters.JUnitReportReporter -->
<testsuite hostname="DESKTOP-LN0VQKG" failures="0" tests="1" name="com.herokuapp.theinternet.ExceptionsTests" time="14.978" errors="0" timestamp="2023-02-02T14:12:46 CST" skipped="0">
  <testcase classname="com.herokuapp.theinternet.ExceptionsTests" name="noSuchElementExceptionTest" time="14.978"/>
  <system-out/>
</testsuite> <!-- com.herokuapp.theinternet.ExceptionsTests -->
