<?xml version="1.0" encoding="UTF-8"?>
<!-- Generated by org.testng.reporters.JUnitReportReporter -->
<testsuite hostname="DESKTOP-LN0VQKG" failures="0" tests="1" name="com.herokuapp.theinternet.NegativeTest" time="28.562" errors="0" timestamp="2023-01-24T14:14:16 CST" skipped="0">
  <testcase classname="com.herokuapp.theinternet.NegativeTest" name="incorrectusernameTest" time="28.562"/>
  <system-out/>
</testsuite> <!-- com.herokuapp.theinternet.NegativeTest -->
