<?xml version="1.0" encoding="UTF-8"?>
<!-- Generated by org.testng.reporters.JUnitReportReporter -->
<testsuite hostname="DESKTOP-LN0VQKG" failures="0" tests="1" name="com.herokuapp.theinternet.ExceptionsTests" time="11.817" errors="0" timestamp="2023-02-03T17:03:52 CST" skipped="0">
  <testcase classname="com.herokuapp.theinternet.ExceptionsTests" name="elementNotInteractableException" time="11.817"/>
  <system-out/>
</testsuite> <!-- com.herokuapp.theinternet.ExceptionsTests -->
