<?xml version="1.0" encoding="UTF-8"?>
<!-- Generated by org.testng.reporters.JUnitReportReporter -->
<testsuite hostname="DESKTOP-LN0VQKG" failures="0" tests="3" name="com.herokuapp.theinternet.LoginTests" time="86.616" errors="0" timestamp="2023-01-26T11:38:36 CST" skipped="0">
  <testcase classname="com.herokuapp.theinternet.LoginTests" name="positiveloginTest" time="28.027"/>
  <system-out/>
  <testcase classname="com.herokuapp.theinternet.LoginTests" name="negativeLoginTest" time="29.284"/>
  <system-out/>
  <testcase classname="com.herokuapp.theinternet.LoginTests" name="negativeLoginTest" time="29.305"/>
  <system-out/>
</testsuite> <!-- com.herokuapp.theinternet.LoginTests -->
