<?xml version="1.0" encoding="UTF-8"?>
<!-- Generated by org.testng.reporters.JUnitReportReporter -->
<testsuite hostname="DESKTOP-LN0VQKG" failures="0" tests="2" name="com.herokuapp.theinternet.NegativeTest" time="52.936" errors="0" timestamp="2023-01-25T00:57:30 CST" skipped="0">
  <testcase classname="com.herokuapp.theinternet.NegativeTest" name="negativeLoginTest" time="24.977"/>
  <system-out/>
  <testcase classname="com.herokuapp.theinternet.NegativeTest" name="negativeLoginTest" time="27.959"/>
  <system-out/>
</testsuite> <!-- com.herokuapp.theinternet.NegativeTest -->
