<?xml version="1.0" encoding="UTF-8"?>
<!-- Generated by org.testng.reporters.JUnitReportReporter -->
<testsuite hostname="DESKTOP-LN0VQKG" failures="0" tests="2" name="com.herokuapp.theinternet.NegativeTest" time="50.705" errors="0" timestamp="2023-01-25T14:05:33 CST" skipped="0">
  <testcase classname="com.herokuapp.theinternet.NegativeTest" name="negativeLoginTest" time="24.202"/>
  <system-out/>
  <testcase classname="com.herokuapp.theinternet.NegativeTest" name="negativeLoginTest" time="26.503"/>
  <system-out/>
</testsuite> <!-- com.herokuapp.theinternet.NegativeTest -->
