<?xml version="1.0" encoding="UTF-8"?>
<!-- Generated by org.testng.reporters.JUnitReportReporter -->
<testsuite hostname="DESKTOP-LN0VQKG" failures="0" tests="3" name="com.herokuapp.theinternet.LoginTests" time="100.950" errors="0" timestamp="2023-02-01T01:11:32 CST" skipped="0">
  <testcase classname="com.herokuapp.theinternet.LoginTests" name="positiveloginTest" time="30.828"/>
  <system-out/>
  <testcase classname="com.herokuapp.theinternet.LoginTests" name="negativeLoginTest" time="39.507"/>
  <system-out/>
  <testcase classname="com.herokuapp.theinternet.LoginTests" name="negativeLoginTest" time="30.615"/>
  <system-out/>
</testsuite> <!-- com.herokuapp.theinternet.LoginTests -->
