<?xml version="1.0" encoding="UTF-8"?>
<!-- Generated by org.testng.reporters.JUnitReportReporter -->
<testsuite hostname="DESKTOP-LN0VQKG" failures="0" tests="3" name="com.herokuapp.theinternet.LoginTests" time="77.795" errors="0" timestamp="2023-01-25T14:47:27 CST" skipped="0">
  <testcase classname="com.herokuapp.theinternet.LoginTests" name="positiveloginTest" time="29.994"/>
  <system-out/>
  <testcase classname="com.herokuapp.theinternet.LoginTests" name="negativeLoginTest" time="23.850"/>
  <system-out/>
  <testcase classname="com.herokuapp.theinternet.LoginTests" name="negativeLoginTest" time="23.951"/>
  <system-out/>
</testsuite> <!-- com.herokuapp.theinternet.LoginTests -->
