<?xml version="1.0" encoding="UTF-8"?>
<!-- Generated by org.testng.reporters.JUnitReportReporter -->
<testsuite hostname="DESKTOP-LN0VQKG" failures="0" tests="2" name="com.herokuapp.theinternet.NegativeTest" time="27.434" errors="0" timestamp="2023-01-24T13:44:20 CST" skipped="1">
  <testcase classname="com.herokuapp.theinternet.NegativeTest" name="incorrectusernameTest" time="27.434"/>
  <system-out/>
  <testcase classname="com.herokuapp.theinternet.NegativeTest" name="incorrectupasswordTest">
    <skipped/>
  </testcase> <!-- incorrectupasswordTest -->
  <system-out/>
</testsuite> <!-- com.herokuapp.theinternet.NegativeTest -->
