<?xml version="1.0" encoding="UTF-8"?>
<!-- Generated by org.testng.reporters.JUnitReportReporter -->
<testsuite hostname="DESKTOP-LN0VQKG" failures="0" tests="2" name="com.herokuapp.theinternet.NegativeTest" time="52.721" errors="0" timestamp="2023-01-24T13:40:26 CST" skipped="0">
  <testcase classname="com.herokuapp.theinternet.NegativeTest" name="incorrectusernameTest" time="27.634"/>
  <system-out/>
  <testcase classname="com.herokuapp.theinternet.NegativeTest" name="incorrectupasswordTest" time="25.087"/>
  <system-out/>
</testsuite> <!-- com.herokuapp.theinternet.NegativeTest -->
