<?xml version="1.0" encoding="UTF-8"?>
<!-- Generated by org.testng.reporters.JUnitReportReporter -->
<testsuite hostname="DESKTOP-LN0VQKG" failures="0" tests="3" name="com.herokuapp.theinternet.LoginTests" time="99.757" errors="0" timestamp="2023-02-01T14:55:22 CST" skipped="0">
  <testcase classname="com.herokuapp.theinternet.LoginTests" name="positiveloginTest" time="30.732"/>
  <system-out/>
  <testcase classname="com.herokuapp.theinternet.LoginTests" name="negativeLoginTest" time="37.347"/>
  <system-out/>
  <testcase classname="com.herokuapp.theinternet.LoginTests" name="negativeLoginTest" time="31.678"/>
  <system-out/>
</testsuite> <!-- com.herokuapp.theinternet.LoginTests -->
