<?xml version="1.0" encoding="UTF-8"?>
<!-- Generated by org.testng.reporters.JUnitReportReporter -->
<testsuite hostname="DESKTOP-LN0VQKG" failures="0" tests="1" name="com.herokuapp.theinternet.PositiveTest" time="34.824" errors="0" timestamp="2023-01-16T17:48:50 CST" skipped="0">
  <testcase classname="com.herokuapp.theinternet.PositiveTest" name="loginTest" time="34.824"/>
  <system-out/>
</testsuite> <!-- com.herokuapp.theinternet.PositiveTest -->
